<?xml version="1.0" encoding="UTF-8"?>
<testsuite name="TP2.SymbolTableTest" tests="4" skipped="0" failures="0" errors="0" timestamp="2020-11-18T16:24:37" hostname="DESKTOP-L0912OD" time="0.007">
  <properties/>
  <testcase name="testLookupEmpty" classname="TP2.SymbolTableTest" time="0.002"/>
  <testcase name="testEquals" classname="TP2.SymbolTableTest" time="0.003"/>
  <testcase name="testParent" classname="TP2.SymbolTableTest" time="0.0"/>
  <testcase name="testSimple" classname="TP2.SymbolTableTest" time="0.001"/>
  <system-out><![CDATA[]]></system-out>
  <system-err><![CDATA[]]></system-err>
</testsuite>
